<?xml version="1.0" encoding="UTF-8"?>
<testng-results ignored="0" total="3" passed="3" failed="0" skipped="0">
  <reporter-output>
    <line>
      <![CDATA[Facebook – log in or sign up]]>
    </line>
    <line>
      <![CDATA[https://www.facebook.com/login/?privacy_mutation_token=eyJ0eXBlIjowLCJjcmVhdGlvbl90aW1lIjoxNjM2NDYwMjc1LCJjYWxsc2l0ZV9pZCI6MzgxMjI5MDc5NTc1OTQ2fQ%3D%3D]]>
    </line>
    <line>
      <![CDATA[Forgotten Password | Can't Log In | Facebook]]>
    </line>
    <line>
      <![CDATA[https://www.facebook.com/login/identify/?ctx=recover&ars=facebook_login&from_login_screen=0]]>
    </line>
    <line>
      <![CDATA[Log in to Facebook]]>
    </line>
    <line>
      <![CDATA[https://www.facebook.com/login/?next=https%3A%2F%2Fwww.facebook.com%2Fpages%2Fcreate%2F%3Fref_type%3Dregistration_form]]>
    </line>
  </reporter-output>
  <suite started-at="2021-11-09T17:47:46 IST" name="Suite" finished-at="2021-11-09T17:48:46 IST" duration-ms="60137">
    <groups>
    </groups>
    <test started-at="2021-11-09T17:47:46 IST" name="Test" finished-at="2021-11-09T17:48:46 IST" duration-ms="60137">
      <class name="testng.Testcase1">
        <test-method is-config="true" signature="openApp()[pri:0, instance:testng.Testcase1@60015ef5]" started-at="2021-11-09T17:47:46 IST" name="openApp" finished-at="2021-11-09T17:47:55 IST" duration-ms="9216" status="PASS">
          <reporter-output>
          </reporter-output>
        </test-method> <!-- openApp -->
        <test-method signature="tc1()[pri:0, instance:testng.Testcase1@60015ef5]" started-at="2021-11-09T17:47:55 IST" name="tc1" finished-at="2021-11-09T17:47:58 IST" duration-ms="3546" status="PASS">
          <reporter-output>
            <line>
              <![CDATA[Facebook – log in or sign up]]>
            </line>
            <line>
              <![CDATA[https://www.facebook.com/login/?privacy_mutation_token=eyJ0eXBlIjowLCJjcmVhdGlvbl90aW1lIjoxNjM2NDYwMjc1LCJjYWxsc2l0ZV9pZCI6MzgxMjI5MDc5NTc1OTQ2fQ%3D%3D]]>
            </line>
          </reporter-output>
        </test-method> <!-- tc1 -->
        <test-method is-config="true" signature="closeapp()[pri:0, instance:testng.Testcase1@60015ef5]" started-at="2021-11-09T17:47:58 IST" name="closeapp" finished-at="2021-11-09T17:48:04 IST" duration-ms="5058" status="PASS">
          <reporter-output>
          </reporter-output>
        </test-method> <!-- closeapp -->
      </class> <!-- testng.Testcase1 -->
      <class name="testng.Testcase2">
        <test-method is-config="true" signature="openApp()[pri:0, instance:testng.Testcase2@2f54a33d]" started-at="2021-11-09T17:48:04 IST" name="openApp" finished-at="2021-11-09T17:48:11 IST" duration-ms="7654" status="PASS">
          <reporter-output>
          </reporter-output>
        </test-method> <!-- openApp -->
        <test-method signature="tc2()[pri:0, instance:testng.Testcase2@2f54a33d]" started-at="2021-11-09T17:48:11 IST" name="tc2" finished-at="2021-11-09T17:48:17 IST" duration-ms="6048" status="PASS">
          <reporter-output>
            <line>
              <![CDATA[Forgotten Password | Can't Log In | Facebook]]>
            </line>
            <line>
              <![CDATA[https://www.facebook.com/login/identify/?ctx=recover&ars=facebook_login&from_login_screen=0]]>
            </line>
          </reporter-output>
        </test-method> <!-- tc2 -->
        <test-method is-config="true" signature="closeApp()[pri:0, instance:testng.Testcase2@2f54a33d]" started-at="2021-11-09T17:48:17 IST" name="closeApp" finished-at="2021-11-09T17:48:22 IST" duration-ms="4875" status="PASS">
          <reporter-output>
          </reporter-output>
        </test-method> <!-- closeApp -->
      </class> <!-- testng.Testcase2 -->
      <class name="testng.Testcase3">
        <test-method is-config="true" signature="openApp()[pri:0, instance:testng.Testcase3@1018bde2]" started-at="2021-11-09T17:48:22 IST" name="openApp" finished-at="2021-11-09T17:48:29 IST" duration-ms="6867" status="PASS">
          <reporter-output>
          </reporter-output>
        </test-method> <!-- openApp -->
        <test-method signature="tc3()[pri:0, instance:testng.Testcase3@1018bde2]" started-at="2021-11-09T17:48:29 IST" name="tc3" finished-at="2021-11-09T17:48:41 IST" duration-ms="11764" status="PASS">
          <reporter-output>
            <line>
              <![CDATA[Log in to Facebook]]>
            </line>
            <line>
              <![CDATA[https://www.facebook.com/login/?next=https%3A%2F%2Fwww.facebook.com%2Fpages%2Fcreate%2F%3Fref_type%3Dregistration_form]]>
            </line>
          </reporter-output>
        </test-method> <!-- tc3 -->
        <test-method is-config="true" signature="closeApp()[pri:0, instance:testng.Testcase3@1018bde2]" started-at="2021-11-09T17:48:41 IST" name="closeApp" finished-at="2021-11-09T17:48:46 IST" duration-ms="4987" status="PASS">
          <reporter-output>
          </reporter-output>
        </test-method> <!-- closeApp -->
      </class> <!-- testng.Testcase3 -->
    </test> <!-- Test -->
  </suite> <!-- Suite -->
</testng-results>
